Using pre-set license
Built from '2020.2/release' branch; Version is '2020.2.1f1 (270dd8c3da1c) revision 2559448'; Using compiler version '192528614'; Build Type 'Release'
OS: 'Windows 10  (10.0.0) 64bit' Language: 'en' Physical Memory: 16300 MB
BatchMode: 1, IsHumanControllingUs: 0, StartBugReporterOnCrash: 0, Is64bit: 1, IsPro: 0

 COMMAND LINE ARGUMENTS:
D:\Unity_2020\2020.2.1f1\Editor\Unity.exe
-adb2
-batchMode
-noUpm
-name
AssetImportWorker0
-projectPath
D:/GameDev_Unity/Unity Projects 2021/Space Shooter Pro/Space Shooter Pro
-logFile
Logs/AssetImportWorker0.log
-srvPort
55861
Successfully changed project path to: D:/GameDev_Unity/Unity Projects 2021/Space Shooter Pro/Space Shooter Pro
D:/GameDev_Unity/Unity Projects 2021/Space Shooter Pro/Space Shooter Pro
Using Asset Import Pipeline V2.
Refreshing native plugins compatible for Editor in 30.56 ms, found 0 plugins.
Preloading 0 native plugins for Editor in 0.00 ms.
Initialize engine version: 2020.2.1f1 (270dd8c3da1c)
[Subsystems] Discovering subsystems at path D:/Unity_2020/2020.2.1f1/Editor/Data/Resources/UnitySubsystems
[Subsystems] Discovering subsystems at path D:/GameDev_Unity/Unity Projects 2021/Space Shooter Pro/Space Shooter Pro/Assets
GfxDevice: creating device client; threaded=0
Direct3D:
    Version:  Direct3D 11.0 [level 11.1]
    Renderer: NVIDIA GeForce GTX 1660 (ID=0x2184)
    Vendor:   
    VRAM:     5991 MB
    Driver:   27.21.14.6627
Initialize mono
Mono path[0] = 'D:/Unity_2020/2020.2.1f1/Editor/Data/Managed'
Mono path[1] = 'D:/Unity_2020/2020.2.1f1/Editor/Data/MonoBleedingEdge/lib/mono/unityjit'
Mono config path = 'D:/Unity_2020/2020.2.1f1/Editor/Data/MonoBleedingEdge/etc'
Using monoOptions --debugger-agent=transport=dt_socket,embedding=1,server=y,suspend=n,address=127.0.0.1:56436
Begin MonoManager ReloadAssembly
Registering precompiled unity dll's ...
Register platform support module: D:/Unity_2020/2020.2.1f1/Editor/Data/PlaybackEngines/WebGLSupport/UnityEditor.WebGL.Extensions.dll
Register platform support module: D:/Unity_2020/2020.2.1f1/Editor/Data/PlaybackEngines/WindowsStandaloneSupport/UnityEditor.WindowsStandalone.Extensions.dll
Registered in 0.001439 seconds.
Native extension for WindowsStandalone target not found
Native extension for WebGL target not found
Refreshing native plugins compatible for Editor in 28.74 ms, found 0 plugins.
Preloading 0 native plugins for Editor in 0.00 ms.
Invoked RoslynAnalysisRunner static constructor.
RoslynAnalysisRunner will not be running.
RoslynAnalysisRunner has terminated.
Mono: successfully reloaded assembly
- Completed reload, in  2.325 seconds
Platform modules already initialized, skipping
Registering precompiled user dll's ...
Registered in 0.001553 seconds.
Begin MonoManager ReloadAssembly
Native extension for WindowsStandalone target not found
Native extension for WebGL target not found
Refreshing native plugins compatible for Editor in 0.28 ms, found 0 plugins.
Preloading 0 native plugins for Editor in 0.00 ms.
Invoked RoslynAnalysisRunner static constructor.
RoslynAnalysisRunner will not be running.
RoslynAnalysisRunner has terminated.
Mono: successfully reloaded assembly
- Completed reload, in  0.778 seconds
Platform modules already initialized, skipping
========================================================================
Worker process is ready to serve import requests
Launched and connected shader compiler UnityShaderCompiler.exe after 0.03 seconds
Refreshing native plugins compatible for Editor in 0.28 ms, found 0 plugins.
Preloading 0 native plugins for Editor in 0.00 ms.
Unloading 1242 Unused Serialized files (Serialized files now loaded: 0)
System memory in use before: 68.9 MB.
System memory in use after: 68.9 MB.

Unloading 12 unused Assets to reduce memory usage. Loaded Objects now: 1685.
Total: 1.749200 ms (FindLiveObjects: 0.192100 ms CreateObjectMapping: 0.044200 ms MarkObjects: 1.453900 ms  DeleteObjects: 0.057900 ms)

========================================================================
Received Import Request.
  path: Assets/Prefabs/Enemy 1.prefab
  artifactKey: Guid(ac8b8b29e9675a949961ded6c5645abc) Importer(815301076,1909f56bfc062723c751e8b465ee728b)
Start importing Assets/Prefabs/Enemy 1.prefab using Guid(ac8b8b29e9675a949961ded6c5645abc) Importer(815301076,1909f56bfc062723c751e8b465ee728b)  -> (artifact id: '0458107160e59229b98faa51242e0234') in 0.123500 seconds
  Import took 0.125880 seconds .

========================================================================
Received Import Request.
  Time since last request: 12.659787 seconds.
  path: Assets/Prefabs/New_Enemy.prefab
  artifactKey: Guid(ac8b8b29e9675a949961ded6c5645abc) Importer(815301076,1909f56bfc062723c751e8b465ee728b)
Start importing Assets/Prefabs/New_Enemy.prefab using Guid(ac8b8b29e9675a949961ded6c5645abc) Importer(815301076,1909f56bfc062723c751e8b465ee728b)  -> (artifact id: '3c101d21c3b73d9e5e5686d4fb13cef8') in 0.029785 seconds
  Import took 0.054801 seconds .

========================================================================
Received Import Request.
  Time since last request: 33.925856 seconds.
  path: Assets/Prefabs/New_Enemy.prefab
  artifactKey: Guid(ac8b8b29e9675a949961ded6c5645abc) Importer(815301076,1909f56bfc062723c751e8b465ee728b)
Start importing Assets/Prefabs/New_Enemy.prefab using Guid(ac8b8b29e9675a949961ded6c5645abc) Importer(815301076,1909f56bfc062723c751e8b465ee728b)  -> (artifact id: '6917f34cc8d2aad72b708429952fd7d7') in 0.010382 seconds
  Import took 0.013484 seconds .

========================================================================
Received Import Request.
  Time since last request: 0.030903 seconds.
  path: Assets/Prefabs/New_Enemy.prefab
  artifactKey: Guid(ac8b8b29e9675a949961ded6c5645abc) Importer(815301076,1909f56bfc062723c751e8b465ee728b)
Start importing Assets/Prefabs/New_Enemy.prefab using Guid(ac8b8b29e9675a949961ded6c5645abc) Importer(815301076,1909f56bfc062723c751e8b465ee728b)  -> (artifact id: '6917f34cc8d2aad72b708429952fd7d7') in 0.008370 seconds
  Import took 0.010737 seconds .

========================================================================
Received Import Request.
  Time since last request: 7.300595 seconds.
  path: Assets/Prefabs/New_Enemy.prefab
  artifactKey: Guid(ac8b8b29e9675a949961ded6c5645abc) Importer(815301076,1909f56bfc062723c751e8b465ee728b)
Start importing Assets/Prefabs/New_Enemy.prefab using Guid(ac8b8b29e9675a949961ded6c5645abc) Importer(815301076,1909f56bfc062723c751e8b465ee728b)  -> (artifact id: '7dddaf801f4e2bbec47109061e744e59') in 0.008114 seconds
  Import took 0.010392 seconds .

========================================================================
Received Import Request.
  Time since last request: 0.004087 seconds.
  path: Assets/Prefabs/New_Enemy.prefab
  artifactKey: Guid(ac8b8b29e9675a949961ded6c5645abc) Importer(815301076,1909f56bfc062723c751e8b465ee728b)
Start importing Assets/Prefabs/New_Enemy.prefab using Guid(ac8b8b29e9675a949961ded6c5645abc) Importer(815301076,1909f56bfc062723c751e8b465ee728b)  -> (artifact id: '7dddaf801f4e2bbec47109061e744e59') in 0.006393 seconds
  Import took 0.008908 seconds .

========================================================================
Received Import Request.
  Time since last request: 21.001533 seconds.
  path: ProjectSettings/TagManager.asset
  artifactKey: Guid(00000000000000003000000000000000) Importer(815301076,1909f56bfc062723c751e8b465ee728b)
Start importing ProjectSettings/TagManager.asset using Guid(00000000000000003000000000000000) Importer(815301076,1909f56bfc062723c751e8b465ee728b)  -> (artifact id: '32763b0e8466c4502cb44f877dc0089c') in 0.009501 seconds
  Import took 0.012079 seconds .

========================================================================
Received Import Request.
  Time since last request: 9.853461 seconds.
  path: Assets/Prefabs/New_Enemy.prefab
  artifactKey: Guid(ac8b8b29e9675a949961ded6c5645abc) Importer(815301076,1909f56bfc062723c751e8b465ee728b)
Start importing Assets/Prefabs/New_Enemy.prefab using Guid(ac8b8b29e9675a949961ded6c5645abc) Importer(815301076,1909f56bfc062723c751e8b465ee728b)  -> (artifact id: '59155f8c89a750710d041da1896d6033') in 0.010606 seconds
  Import took 0.013330 seconds .

========================================================================
Received Import Request.
  Time since last request: 0.006363 seconds.
  path: Assets/Prefabs/New_Enemy.prefab
  artifactKey: Guid(ac8b8b29e9675a949961ded6c5645abc) Importer(815301076,1909f56bfc062723c751e8b465ee728b)
Start importing Assets/Prefabs/New_Enemy.prefab using Guid(ac8b8b29e9675a949961ded6c5645abc) Importer(815301076,1909f56bfc062723c751e8b465ee728b)  -> (artifact id: '59155f8c89a750710d041da1896d6033') in 0.006278 seconds
  Import took 0.008400 seconds .

========================================================================
Received Import Request.
  Time since last request: 73.845724 seconds.
  path: Assets/Prefabs/New_Enemy.prefab
  artifactKey: Guid(ac8b8b29e9675a949961ded6c5645abc) Importer(815301076,1909f56bfc062723c751e8b465ee728b)
Start importing Assets/Prefabs/New_Enemy.prefab using Guid(ac8b8b29e9675a949961ded6c5645abc) Importer(815301076,1909f56bfc062723c751e8b465ee728b)  -> (artifact id: '79ed4994011a17e7df3ff78dc134f316') in 0.009963 seconds
  Import took 0.012240 seconds .

========================================================================
Received Prepare
Registering precompiled user dll's ...
Registered in 0.001970 seconds.
Begin MonoManager ReloadAssembly
Native extension for WindowsStandalone target not found
Native extension for WebGL target not found
Refreshing native plugins compatible for Editor in 0.29 ms, found 0 plugins.
Preloading 0 native plugins for Editor in 0.00 ms.
Invoked RoslynAnalysisRunner static constructor.
RoslynAnalysisRunner will not be running.
RoslynAnalysisRunner has terminated.
Mono: successfully reloaded assembly
- Completed reload, in  0.742 seconds
Platform modules already initialized, skipping
Refreshing native plugins compatible for Editor in 0.28 ms, found 0 plugins.
Preloading 0 native plugins for Editor in 0.00 ms.
Unloading 1196 Unused Serialized files (Serialized files now loaded: 0)
System memory in use before: 69.0 MB.
System memory in use after: 69.1 MB.

Unloading 8 unused Assets to reduce memory usage. Loaded Objects now: 1694.
Total: 1.553000 ms (FindLiveObjects: 0.141700 ms CreateObjectMapping: 0.044200 ms MarkObjects: 1.325900 ms  DeleteObjects: 0.040000 ms)

========================================================================
Received Import Request.
  Time since last request: 316.735562 seconds.
  path: Assets/Prefabs/EnemyProjectile 1.prefab
  artifactKey: Guid(1624131b1de525f40adeb4191557e611) Importer(815301076,1909f56bfc062723c751e8b465ee728b)
Start importing Assets/Prefabs/EnemyProjectile 1.prefab using Guid(1624131b1de525f40adeb4191557e611) Importer(815301076,1909f56bfc062723c751e8b465ee728b)  -> (artifact id: '7e738076d6930a516a33c0ffea79f2f3') in 0.070350 seconds
  Import took 0.072843 seconds .

========================================================================
Received Import Request.
  Time since last request: 10.855117 seconds.
  path: Assets/Prefabs/NewEnemy_Projectile.prefab
  artifactKey: Guid(1624131b1de525f40adeb4191557e611) Importer(815301076,1909f56bfc062723c751e8b465ee728b)
Start importing Assets/Prefabs/NewEnemy_Projectile.prefab using Guid(1624131b1de525f40adeb4191557e611) Importer(815301076,1909f56bfc062723c751e8b465ee728b)  -> (artifact id: '71241825d6ea0e46235faee549f2aa59') in 0.013941 seconds
  Import took 0.016189 seconds .

========================================================================
Received Import Request.
  Time since last request: 75.353866 seconds.
  path: Assets/Prefabs/NewEnemy_Projectile.prefab
  artifactKey: Guid(1624131b1de525f40adeb4191557e611) Importer(815301076,1909f56bfc062723c751e8b465ee728b)
Start importing Assets/Prefabs/NewEnemy_Projectile.prefab using Guid(1624131b1de525f40adeb4191557e611) Importer(815301076,1909f56bfc062723c751e8b465ee728b)  -> (artifact id: 'feb931d631f80bca070d149e44b33c93') in 0.013660 seconds
  Import took 0.015780 seconds .

========================================================================
Received Import Request.
  Time since last request: 12.398634 seconds.
  path: Assets/Prefabs/NewEnemy_Projectile.prefab
  artifactKey: Guid(1624131b1de525f40adeb4191557e611) Importer(815301076,1909f56bfc062723c751e8b465ee728b)
Start importing Assets/Prefabs/NewEnemy_Projectile.prefab using Guid(1624131b1de525f40adeb4191557e611) Importer(815301076,1909f56bfc062723c751e8b465ee728b)  -> (artifact id: '964d15e369e29430d9f776a272475b8e') in 0.010518 seconds
  Import took 0.012649 seconds .

========================================================================
Received Import Request.
  Time since last request: 2.715063 seconds.
  path: Assets/Prefabs/NewEnemy_Projectile.prefab
  artifactKey: Guid(1624131b1de525f40adeb4191557e611) Importer(815301076,1909f56bfc062723c751e8b465ee728b)
Start importing Assets/Prefabs/NewEnemy_Projectile.prefab using Guid(1624131b1de525f40adeb4191557e611) Importer(815301076,1909f56bfc062723c751e8b465ee728b)  -> (artifact id: '8759899c78a7b184f0f1c7b3b3688929') in 0.006012 seconds
  Import took 0.008809 seconds .

========================================================================
Received Import Request.
  Time since last request: 339.128420 seconds.
  path: Assets/Materials/NewEnemy_ProjMat.mat
  artifactKey: Guid(9d55a4427c95b3f4484eb3892134d956) Importer(815301076,1909f56bfc062723c751e8b465ee728b)
Start importing Assets/Materials/NewEnemy_ProjMat.mat using Guid(9d55a4427c95b3f4484eb3892134d956) Importer(815301076,1909f56bfc062723c751e8b465ee728b)  -> (artifact id: '36c6ee57304b2b257196410ea09d5222') in 0.041437 seconds
  Import took 0.043928 seconds .

========================================================================
Received Import Request.
  Time since last request: 40.858670 seconds.
  path: Assets/Scripts/PlayerProjectile.cs
  artifactKey: Guid(3a012425ebefb44448cb369b65822867) Importer(815301076,1909f56bfc062723c751e8b465ee728b)
Start importing Assets/Scripts/PlayerProjectile.cs using Guid(3a012425ebefb44448cb369b65822867) Importer(815301076,1909f56bfc062723c751e8b465ee728b)  -> (artifact id: 'ea381dd3d247b499d22676487b01f8ab') in 0.030828 seconds
  Import took 0.033188 seconds .

========================================================================
Received Import Request.
  Time since last request: 211.792991 seconds.
  path: Assets/Animations/New_Enemy.controller
  artifactKey: Guid(1bfbec3ccaf6e144d9fcb399acc82279) Importer(815301076,1909f56bfc062723c751e8b465ee728b)
Start importing Assets/Animations/New_Enemy.controller using Guid(1bfbec3ccaf6e144d9fcb399acc82279) Importer(815301076,1909f56bfc062723c751e8b465ee728b)  -> (artifact id: '42288b05d116ad332e459cbb8c2e40b8') in 0.005148 seconds
  Import took 0.007437 seconds .

========================================================================
Received Import Request.
  Time since last request: 2.195883 seconds.
  path: Assets/Animations/NewEnemy_Anim.anim
  artifactKey: Guid(f1889c89289608649833d402faf580f8) Importer(815301076,1909f56bfc062723c751e8b465ee728b)
Start importing Assets/Animations/NewEnemy_Anim.anim using Guid(f1889c89289608649833d402faf580f8) Importer(815301076,1909f56bfc062723c751e8b465ee728b)  -> (artifact id: 'e27385fb8a4cdf4ef391d34be261a731') in 0.015369 seconds
  Import took 0.019929 seconds .

========================================================================
Received Import Request.
  Time since last request: 0.022189 seconds.
  path: Assets/Animations/NewEnemy_Anim.anim
  artifactKey: Guid(f1889c89289608649833d402faf580f8) Importer(815301076,1909f56bfc062723c751e8b465ee728b)
Start importing Assets/Animations/NewEnemy_Anim.anim using Guid(f1889c89289608649833d402faf580f8) Importer(815301076,1909f56bfc062723c751e8b465ee728b)  -> (artifact id: 'e27385fb8a4cdf4ef391d34be261a731') in 0.006099 seconds
  Import took 0.009700 seconds .

========================================================================
Received Import Request.
  Time since last request: 39.397468 seconds.
  path: Assets/Prefabs/NewEnemy_Projectile.prefab
  artifactKey: Guid(1624131b1de525f40adeb4191557e611) Importer(815301076,1909f56bfc062723c751e8b465ee728b)
Start importing Assets/Prefabs/NewEnemy_Projectile.prefab using Guid(1624131b1de525f40adeb4191557e611) Importer(815301076,1909f56bfc062723c751e8b465ee728b)  -> (artifact id: 'ea701c34ee7c44375301d5012271417f') in 0.018555 seconds
  Import took 0.022632 seconds .

========================================================================
Received Prepare
Registering precompiled user dll's ...
Registered in 0.001494 seconds.
Begin MonoManager ReloadAssembly
Native extension for WindowsStandalone target not found
Native extension for WebGL target not found
Refreshing native plugins compatible for Editor in 0.29 ms, found 0 plugins.
Preloading 0 native plugins for Editor in 0.00 ms.
Invoked RoslynAnalysisRunner static constructor.
RoslynAnalysisRunner will not be running.
RoslynAnalysisRunner has terminated.
Mono: successfully reloaded assembly
- Completed reload, in  0.731 seconds
Platform modules already initialized, skipping
Refreshing native plugins compatible for Editor in 0.29 ms, found 0 plugins.
Preloading 0 native plugins for Editor in 0.00 ms.
Unloading 1196 Unused Serialized files (Serialized files now loaded: 0)
System memory in use before: 70.3 MB.
System memory in use after: 70.4 MB.

Unloading 7 unused Assets to reduce memory usage. Loaded Objects now: 1731.
Total: 1.821600 ms (FindLiveObjects: 0.170200 ms CreateObjectMapping: 0.056900 ms MarkObjects: 1.545100 ms  DeleteObjects: 0.048400 ms)

========================================================================
Received Prepare
Registering precompiled user dll's ...
Registered in 0.001719 seconds.
Begin MonoManager ReloadAssembly
Native extension for WindowsStandalone target not found
Native extension for WebGL target not found
Refreshing native plugins compatible for Editor in 0.29 ms, found 0 plugins.
Preloading 0 native plugins for Editor in 0.00 ms.
Invoked RoslynAnalysisRunner static constructor.
RoslynAnalysisRunner will not be running.
RoslynAnalysisRunner has terminated.
Mono: successfully reloaded assembly
- Completed reload, in  0.711 seconds
Platform modules already initialized, skipping
Refreshing native plugins compatible for Editor in 0.28 ms, found 0 plugins.
Preloading 0 native plugins for Editor in 0.00 ms.
Unloading 1196 Unused Serialized files (Serialized files now loaded: 0)
System memory in use before: 70.3 MB.
System memory in use after: 70.4 MB.

Unloading 7 unused Assets to reduce memory usage. Loaded Objects now: 1733.
Total: 1.515600 ms (FindLiveObjects: 0.131600 ms CreateObjectMapping: 0.036100 ms MarkObjects: 1.307300 ms  DeleteObjects: 0.038800 ms)

========================================================================
Received Import Request.
  Time since last request: 290.601141 seconds.
  path: Assets/Prefabs/New_Enemy.prefab
  artifactKey: Guid(ac8b8b29e9675a949961ded6c5645abc) Importer(815301076,1909f56bfc062723c751e8b465ee728b)
Start importing Assets/Prefabs/New_Enemy.prefab using Guid(ac8b8b29e9675a949961ded6c5645abc) Importer(815301076,1909f56bfc062723c751e8b465ee728b) The Animator Controller (New_Enemy) you have used is not valid. Animations will not play
UnityEngine.StackTraceUtility:ExtractStackTrace ()
UnityEditor.EditorUtility:Internal_InstantiateRemoveAllNonAnimationComponentsSingle (UnityEngine.Object,UnityEngine.Vector3,UnityEngine.Quaternion)
UnityEditor.EditorUtility:InstantiateRemoveAllNonAnimationComponents (UnityEngine.Object,UnityEngine.Vector3,UnityEngine.Quaternion)
UnityEditor.EditorUtility:InstantiateForAnimatorPreview (UnityEngine.Object)
UnityEditor.GameObjectInspector/PreviewData:UpdateGameObject (UnityEngine.Object)
UnityEditor.GameObjectInspector/PreviewData:.ctor (UnityEngine.Object)
UnityEditor.GameObjectInspector:GetPreviewData ()
UnityEditor.GameObjectInspector:RenderStaticPreview (string,UnityEngine.Object[],int,int)
UnityEditor.AssetPreviewUpdater:CreatePreviewForAsset (UnityEngine.Object,UnityEngine.Object[],string)

[C:\buildslave\unity\build\Modules/Animation/Director/AnimatorControllerPlayable.cpp line 332]

The Animator Controller (New_Enemy) you have used is not valid. Animations will not play
UnityEngine.StackTraceUtility:ExtractStackTrace ()
UnityEditor.EditorUtility:InitInstantiatedPreviewRecursive (UnityEngine.GameObject)
UnityEditor.EditorUtility:InstantiateForAnimatorPreview (UnityEngine.Object)
UnityEditor.GameObjectInspector/PreviewData:UpdateGameObject (UnityEngine.Object)
UnityEditor.GameObjectInspector/PreviewData:.ctor (UnityEngine.Object)
UnityEditor.GameObjectInspector:GetPreviewData ()
UnityEditor.GameObjectInspector:RenderStaticPreview (string,UnityEngine.Object[],int,int)
UnityEditor.AssetPreviewUpdater:CreatePreviewForAsset (UnityEngine.Object,UnityEngine.Object[],string)

[C:\buildslave\unity\build\Modules/Animation/Director/AnimatorControllerPlayable.cpp line 332]

 -> (artifact id: '7d48fc8b6389c26aa75a137d209db59a') in 0.057507 seconds
  Import took 0.061843 seconds .

========================================================================
Received Prepare
Registering precompiled user dll's ...
Registered in 0.001576 seconds.
Begin MonoManager ReloadAssembly
Native extension for WindowsStandalone target not found
Native extension for WebGL target not found
Refreshing native plugins compatible for Editor in 0.28 ms, found 0 plugins.
Preloading 0 native plugins for Editor in 0.00 ms.
Invoked RoslynAnalysisRunner static constructor.
RoslynAnalysisRunner will not be running.
RoslynAnalysisRunner has terminated.
Mono: successfully reloaded assembly
- Completed reload, in  0.736 seconds
Platform modules already initialized, skipping
Refreshing native plugins compatible for Editor in 0.28 ms, found 0 plugins.
Preloading 0 native plugins for Editor in 0.00 ms.
Unloading 1196 Unused Serialized files (Serialized files now loaded: 0)
System memory in use before: 70.5 MB.
System memory in use after: 70.5 MB.

Unloading 7 unused Assets to reduce memory usage. Loaded Objects now: 1736.
Total: 1.448100 ms (FindLiveObjects: 0.124700 ms CreateObjectMapping: 0.034800 ms MarkObjects: 1.251600 ms  DeleteObjects: 0.036200 ms)

========================================================================
Received Prepare
Registering precompiled user dll's ...
Registered in 0.001628 seconds.
Begin MonoManager ReloadAssembly
Native extension for WindowsStandalone target not found
Native extension for WebGL target not found
Refreshing native plugins compatible for Editor in 0.28 ms, found 0 plugins.
Preloading 0 native plugins for Editor in 0.00 ms.
Invoked RoslynAnalysisRunner static constructor.
RoslynAnalysisRunner will not be running.
RoslynAnalysisRunner has terminated.
Mono: successfully reloaded assembly
- Completed reload, in  0.729 seconds
Platform modules already initialized, skipping
Refreshing native plugins compatible for Editor in 0.28 ms, found 0 plugins.
Preloading 0 native plugins for Editor in 0.00 ms.
Unloading 1196 Unused Serialized files (Serialized files now loaded: 0)
System memory in use before: 70.4 MB.
System memory in use after: 70.5 MB.

Unloading 7 unused Assets to reduce memory usage. Loaded Objects now: 1738.
Total: 1.617500 ms (FindLiveObjects: 0.145000 ms CreateObjectMapping: 0.040400 ms MarkObjects: 1.390500 ms  DeleteObjects: 0.040800 ms)

========================================================================
Received Prepare
Registering precompiled user dll's ...
Registered in 0.001548 seconds.
Begin MonoManager ReloadAssembly
Native extension for WindowsStandalone target not found
Native extension for WebGL target not found
Refreshing native plugins compatible for Editor in 0.30 ms, found 0 plugins.
Preloading 0 native plugins for Editor in 0.00 ms.
Invoked RoslynAnalysisRunner static constructor.
RoslynAnalysisRunner will not be running.
RoslynAnalysisRunner has terminated.
Mono: successfully reloaded assembly
- Completed reload, in  0.726 seconds
Platform modules already initialized, skipping
Refreshing native plugins compatible for Editor in 0.29 ms, found 0 plugins.
Preloading 0 native plugins for Editor in 0.00 ms.
Unloading 1196 Unused Serialized files (Serialized files now loaded: 0)
System memory in use before: 70.5 MB.
System memory in use after: 70.6 MB.

Unloading 7 unused Assets to reduce memory usage. Loaded Objects now: 1740.
Total: 1.579900 ms (FindLiveObjects: 0.188200 ms CreateObjectMapping: 0.044100 ms MarkObjects: 1.309100 ms  DeleteObjects: 0.037700 ms)

========================================================================
Received Prepare
Registering precompiled user dll's ...
Registered in 0.001647 seconds.
Begin MonoManager ReloadAssembly
Native extension for WindowsStandalone target not found
Native extension for WebGL target not found
Refreshing native plugins compatible for Editor in 0.29 ms, found 0 plugins.
Preloading 0 native plugins for Editor in 0.00 ms.
Invoked RoslynAnalysisRunner static constructor.
RoslynAnalysisRunner will not be running.
RoslynAnalysisRunner has terminated.
Mono: successfully reloaded assembly
- Completed reload, in  0.757 seconds
Platform modules already initialized, skipping
Refreshing native plugins compatible for Editor in 0.28 ms, found 0 plugins.
Preloading 0 native plugins for Editor in 0.00 ms.
Unloading 1196 Unused Serialized files (Serialized files now loaded: 0)
System memory in use before: 70.5 MB.
System memory in use after: 70.6 MB.

Unloading 7 unused Assets to reduce memory usage. Loaded Objects now: 1742.
Total: 2.035400 ms (FindLiveObjects: 0.168000 ms CreateObjectMapping: 0.047800 ms MarkObjects: 1.758200 ms  DeleteObjects: 0.059900 ms)

========================================================================
Received Prepare
Registering precompiled user dll's ...
Registered in 0.001652 seconds.
Begin MonoManager ReloadAssembly
Native extension for WindowsStandalone target not found
Native extension for WebGL target not found
Refreshing native plugins compatible for Editor in 0.28 ms, found 0 plugins.
Preloading 0 native plugins for Editor in 0.00 ms.
Invoked RoslynAnalysisRunner static constructor.
RoslynAnalysisRunner will not be running.
RoslynAnalysisRunner has terminated.
Mono: successfully reloaded assembly
- Completed reload, in  0.741 seconds
Platform modules already initialized, skipping
Refreshing native plugins compatible for Editor in 0.29 ms, found 0 plugins.
Preloading 0 native plugins for Editor in 0.00 ms.
Unloading 1196 Unused Serialized files (Serialized files now loaded: 0)
System memory in use before: 70.5 MB.
System memory in use after: 70.6 MB.

Unloading 7 unused Assets to reduce memory usage. Loaded Objects now: 1744.
Total: 1.907100 ms (FindLiveObjects: 0.211800 ms CreateObjectMapping: 0.075700 ms MarkObjects: 1.573400 ms  DeleteObjects: 0.045000 ms)

========================================================================
Received Prepare
Registering precompiled user dll's ...
Registered in 0.001748 seconds.
Begin MonoManager ReloadAssembly
Native extension for WindowsStandalone target not found
Native extension for WebGL target not found
Refreshing native plugins compatible for Editor in 0.30 ms, found 0 plugins.
Preloading 0 native plugins for Editor in 0.00 ms.
Invoked RoslynAnalysisRunner static constructor.
RoslynAnalysisRunner will not be running.
RoslynAnalysisRunner has terminated.
Mono: successfully reloaded assembly
- Completed reload, in  0.733 seconds
Platform modules already initialized, skipping
Refreshing native plugins compatible for Editor in 0.30 ms, found 0 plugins.
Preloading 0 native plugins for Editor in 0.00 ms.
Unloading 1196 Unused Serialized files (Serialized files now loaded: 0)
System memory in use before: 70.5 MB.
System memory in use after: 70.6 MB.

Unloading 7 unused Assets to reduce memory usage. Loaded Objects now: 1746.
Total: 1.716400 ms (FindLiveObjects: 0.190800 ms CreateObjectMapping: 0.041000 ms MarkObjects: 1.438000 ms  DeleteObjects: 0.045300 ms)

========================================================================
Received Import Request.
  Time since last request: 689.661279 seconds.
  path: Assets/Animations/Enemy.controller
  artifactKey: Guid(1dd72c22bd49d1a409b93ab7a3dff146) Importer(815301076,1909f56bfc062723c751e8b465ee728b)
Start importing Assets/Animations/Enemy.controller using Guid(1dd72c22bd49d1a409b93ab7a3dff146) Importer(815301076,1909f56bfc062723c751e8b465ee728b)  -> (artifact id: 'bb7c0f000692632b39a1a0aeeb94f212') in 0.045613 seconds
  Import took 0.047678 seconds .

========================================================================
Received Import Request.
  Time since last request: 2.974510 seconds.
  path: Assets/Animations/Enemy_Death_Anim.anim
  artifactKey: Guid(e0a32ed72822c324ab540ebf2fc30207) Importer(815301076,1909f56bfc062723c751e8b465ee728b)
Start importing Assets/Animations/Enemy_Death_Anim.anim using Guid(e0a32ed72822c324ab540ebf2fc30207) Importer(815301076,1909f56bfc062723c751e8b465ee728b)  -> (artifact id: 'dd6d13ac7bbf4ba64dd947eb0266c7ec') in 0.008348 seconds
  Import took 0.010604 seconds .

========================================================================
Received Import Request.
  Time since last request: 0.000763 seconds.
  path: Assets/Animations/Enemy_Death_Anim.anim
  artifactKey: Guid(e0a32ed72822c324ab540ebf2fc30207) Importer(815301076,1909f56bfc062723c751e8b465ee728b)
Start importing Assets/Animations/Enemy_Death_Anim.anim using Guid(e0a32ed72822c324ab540ebf2fc30207) Importer(815301076,1909f56bfc062723c751e8b465ee728b)  -> (artifact id: 'dd6d13ac7bbf4ba64dd947eb0266c7ec') in 0.003784 seconds
  Import took 0.005890 seconds .

========================================================================
Received Prepare
Registering precompiled user dll's ...
Registered in 0.001606 seconds.
Begin MonoManager ReloadAssembly
Native extension for WindowsStandalone target not found
Native extension for WebGL target not found
Refreshing native plugins compatible for Editor in 0.28 ms, found 0 plugins.
Preloading 0 native plugins for Editor in 0.00 ms.
Invoked RoslynAnalysisRunner static constructor.
RoslynAnalysisRunner will not be running.
RoslynAnalysisRunner has terminated.
Mono: successfully reloaded assembly
- Completed reload, in  0.713 seconds
Platform modules already initialized, skipping
Refreshing native plugins compatible for Editor in 0.29 ms, found 0 plugins.
Preloading 0 native plugins for Editor in 0.00 ms.
Unloading 1196 Unused Serialized files (Serialized files now loaded: 0)
System memory in use before: 70.5 MB.
System memory in use after: 70.6 MB.

Unloading 7 unused Assets to reduce memory usage. Loaded Objects now: 1748.
Total: 2.159600 ms (FindLiveObjects: 0.201000 ms CreateObjectMapping: 0.065200 ms MarkObjects: 1.841500 ms  DeleteObjects: 0.050600 ms)

========================================================================
Received Prepare
Registering precompiled user dll's ...
Registered in 0.001610 seconds.
Begin MonoManager ReloadAssembly
Native extension for WindowsStandalone target not found
Native extension for WebGL target not found
Refreshing native plugins compatible for Editor in 0.28 ms, found 0 plugins.
Preloading 0 native plugins for Editor in 0.00 ms.
Invoked RoslynAnalysisRunner static constructor.
RoslynAnalysisRunner will not be running.
RoslynAnalysisRunner has terminated.
Mono: successfully reloaded assembly
- Completed reload, in  0.721 seconds
Platform modules already initialized, skipping
Refreshing native plugins compatible for Editor in 0.31 ms, found 0 plugins.
Preloading 0 native plugins for Editor in 0.00 ms.
Unloading 1196 Unused Serialized files (Serialized files now loaded: 0)
System memory in use before: 70.4 MB.
System memory in use after: 70.5 MB.

Unloading 7 unused Assets to reduce memory usage. Loaded Objects now: 1750.
Total: 1.505800 ms (FindLiveObjects: 0.140400 ms CreateObjectMapping: 0.037000 ms MarkObjects: 1.280600 ms  DeleteObjects: 0.046400 ms)

========================================================================
Received Prepare
Registering precompiled user dll's ...
Registered in 0.001497 seconds.
Begin MonoManager ReloadAssembly
Native extension for WindowsStandalone target not found
Native extension for WebGL target not found
Refreshing native plugins compatible for Editor in 0.30 ms, found 0 plugins.
Preloading 0 native plugins for Editor in 0.00 ms.
Invoked RoslynAnalysisRunner static constructor.
RoslynAnalysisRunner will not be running.
RoslynAnalysisRunner has terminated.
Mono: successfully reloaded assembly
- Completed reload, in  0.719 seconds
Platform modules already initialized, skipping
Refreshing native plugins compatible for Editor in 0.30 ms, found 0 plugins.
Preloading 0 native plugins for Editor in 0.00 ms.
Unloading 1196 Unused Serialized files (Serialized files now loaded: 0)
System memory in use before: 70.5 MB.
System memory in use after: 70.6 MB.

Unloading 7 unused Assets to reduce memory usage. Loaded Objects now: 1752.
Total: 1.727300 ms (FindLiveObjects: 0.169000 ms CreateObjectMapping: 0.042800 ms MarkObjects: 1.471900 ms  DeleteObjects: 0.042300 ms)

========================================================================
Received Prepare
Registering precompiled user dll's ...
Registered in 0.001618 seconds.
Begin MonoManager ReloadAssembly
Native extension for WindowsStandalone target not found
Native extension for WebGL target not found
Refreshing native plugins compatible for Editor in 0.29 ms, found 0 plugins.
Preloading 0 native plugins for Editor in 0.00 ms.
Invoked RoslynAnalysisRunner static constructor.
RoslynAnalysisRunner will not be running.
RoslynAnalysisRunner has terminated.
Mono: successfully reloaded assembly
- Completed reload, in  0.711 seconds
Platform modules already initialized, skipping
Refreshing native plugins compatible for Editor in 0.29 ms, found 0 plugins.
Preloading 0 native plugins for Editor in 0.00 ms.
Unloading 1196 Unused Serialized files (Serialized files now loaded: 0)
System memory in use before: 70.5 MB.
System memory in use after: 70.6 MB.

Unloading 7 unused Assets to reduce memory usage. Loaded Objects now: 1754.
Total: 1.878300 ms (FindLiveObjects: 0.171800 ms CreateObjectMapping: 0.054200 ms MarkObjects: 1.606600 ms  DeleteObjects: 0.044500 ms)

========================================================================
Received Prepare
Registering precompiled user dll's ...
Registered in 0.001688 seconds.
Begin MonoManager ReloadAssembly
Native extension for WindowsStandalone target not found
Native extension for WebGL target not found
Refreshing native plugins compatible for Editor in 0.31 ms, found 0 plugins.
Preloading 0 native plugins for Editor in 0.00 ms.
Invoked RoslynAnalysisRunner static constructor.
RoslynAnalysisRunner will not be running.
RoslynAnalysisRunner has terminated.
Mono: successfully reloaded assembly
- Completed reload, in  0.718 seconds
Platform modules already initialized, skipping
Refreshing native plugins compatible for Editor in 0.28 ms, found 0 plugins.
Preloading 0 native plugins for Editor in 0.00 ms.
Unloading 1196 Unused Serialized files (Serialized files now loaded: 0)
System memory in use before: 70.5 MB.
System memory in use after: 70.6 MB.

Unloading 7 unused Assets to reduce memory usage. Loaded Objects now: 1756.
Total: 1.879800 ms (FindLiveObjects: 0.158000 ms CreateObjectMapping: 0.046400 ms MarkObjects: 1.625400 ms  DeleteObjects: 0.049000 ms)

========================================================================
Received Prepare
Registering precompiled user dll's ...
Registered in 0.001591 seconds.
Begin MonoManager ReloadAssembly
Native extension for WindowsStandalone target not found
Native extension for WebGL target not found
Refreshing native plugins compatible for Editor in 0.28 ms, found 0 plugins.
Preloading 0 native plugins for Editor in 0.00 ms.
Invoked RoslynAnalysisRunner static constructor.
RoslynAnalysisRunner will not be running.
RoslynAnalysisRunner has terminated.
Mono: successfully reloaded assembly
- Completed reload, in  0.723 seconds
Platform modules already initialized, skipping
Refreshing native plugins compatible for Editor in 0.29 ms, found 0 plugins.
Preloading 0 native plugins for Editor in 0.00 ms.
Unloading 1196 Unused Serialized files (Serialized files now loaded: 0)
System memory in use before: 70.5 MB.
System memory in use after: 70.6 MB.

Unloading 7 unused Assets to reduce memory usage. Loaded Objects now: 1758.
Total: 1.673000 ms (FindLiveObjects: 0.157100 ms CreateObjectMapping: 0.043200 ms MarkObjects: 1.424500 ms  DeleteObjects: 0.047100 ms)

========================================================================
Received Prepare
Registering precompiled user dll's ...
Registered in 0.001646 seconds.
Begin MonoManager ReloadAssembly
Native extension for WindowsStandalone target not found
Native extension for WebGL target not found
Refreshing native plugins compatible for Editor in 0.28 ms, found 0 plugins.
Preloading 0 native plugins for Editor in 0.00 ms.
Invoked RoslynAnalysisRunner static constructor.
RoslynAnalysisRunner will not be running.
RoslynAnalysisRunner has terminated.
Mono: successfully reloaded assembly
- Completed reload, in  0.729 seconds
Platform modules already initialized, skipping
Refreshing native plugins compatible for Editor in 0.31 ms, found 0 plugins.
Preloading 0 native plugins for Editor in 0.00 ms.
Unloading 1196 Unused Serialized files (Serialized files now loaded: 0)
System memory in use before: 70.5 MB.
System memory in use after: 70.6 MB.

Unloading 7 unused Assets to reduce memory usage. Loaded Objects now: 1760.
Total: 1.555400 ms (FindLiveObjects: 0.162300 ms CreateObjectMapping: 0.046800 ms MarkObjects: 1.302400 ms  DeleteObjects: 0.042500 ms)

========================================================================
Received Prepare
Registering precompiled user dll's ...
Registered in 0.001618 seconds.
Begin MonoManager ReloadAssembly
Native extension for WindowsStandalone target not found
Native extension for WebGL target not found
Refreshing native plugins compatible for Editor in 0.28 ms, found 0 plugins.
Preloading 0 native plugins for Editor in 0.00 ms.
Invoked RoslynAnalysisRunner static constructor.
RoslynAnalysisRunner will not be running.
RoslynAnalysisRunner has terminated.
Mono: successfully reloaded assembly
- Completed reload, in  0.712 seconds
Platform modules already initialized, skipping
Refreshing native plugins compatible for Editor in 0.35 ms, found 0 plugins.
Preloading 0 native plugins for Editor in 0.00 ms.
Unloading 1196 Unused Serialized files (Serialized files now loaded: 0)
System memory in use before: 70.4 MB.
System memory in use after: 70.5 MB.

Unloading 7 unused Assets to reduce memory usage. Loaded Objects now: 1762.
Total: 2.047500 ms (FindLiveObjects: 0.198700 ms CreateObjectMapping: 0.054100 ms MarkObjects: 1.742100 ms  DeleteObjects: 0.051500 ms)

========================================================================
Received Prepare
Registering precompiled user dll's ...
Registered in 0.001570 seconds.
Begin MonoManager ReloadAssembly
Native extension for WindowsStandalone target not found
Native extension for WebGL target not found
Refreshing native plugins compatible for Editor in 0.31 ms, found 0 plugins.
Preloading 0 native plugins for Editor in 0.00 ms.
Invoked RoslynAnalysisRunner static constructor.
RoslynAnalysisRunner will not be running.
RoslynAnalysisRunner has terminated.
Mono: successfully reloaded assembly
- Completed reload, in  0.713 seconds
Platform modules already initialized, skipping
Refreshing native plugins compatible for Editor in 0.33 ms, found 0 plugins.
Preloading 0 native plugins for Editor in 0.00 ms.
Unloading 1196 Unused Serialized files (Serialized files now loaded: 0)
System memory in use before: 70.5 MB.
System memory in use after: 70.6 MB.

Unloading 7 unused Assets to reduce memory usage. Loaded Objects now: 1764.
Total: 1.525400 ms (FindLiveObjects: 0.130100 ms CreateObjectMapping: 0.034500 ms MarkObjects: 1.319400 ms  DeleteObjects: 0.040200 ms)

========================================================================
Received Prepare
Registering precompiled user dll's ...
Registered in 0.001541 seconds.
Begin MonoManager ReloadAssembly
Native extension for WindowsStandalone target not found
Native extension for WebGL target not found
Refreshing native plugins compatible for Editor in 0.28 ms, found 0 plugins.
Preloading 0 native plugins for Editor in 0.00 ms.
Invoked RoslynAnalysisRunner static constructor.
RoslynAnalysisRunner will not be running.
RoslynAnalysisRunner has terminated.
Mono: successfully reloaded assembly
- Completed reload, in  0.714 seconds
Platform modules already initialized, skipping
Refreshing native plugins compatible for Editor in 0.30 ms, found 0 plugins.
Preloading 0 native plugins for Editor in 0.00 ms.
Unloading 1196 Unused Serialized files (Serialized files now loaded: 0)
System memory in use before: 70.5 MB.
System memory in use after: 70.6 MB.

Unloading 7 unused Assets to reduce memory usage. Loaded Objects now: 1766.
Total: 1.852300 ms (FindLiveObjects: 0.170700 ms CreateObjectMapping: 0.049300 ms MarkObjects: 1.583600 ms  DeleteObjects: 0.047700 ms)

========================================================================
Received Prepare
Registering precompiled user dll's ...
Registered in 0.001643 seconds.
Begin MonoManager ReloadAssembly
Native extension for WindowsStandalone target not found
Native extension for WebGL target not found
Refreshing native plugins compatible for Editor in 0.28 ms, found 0 plugins.
Preloading 0 native plugins for Editor in 0.00 ms.
Invoked RoslynAnalysisRunner static constructor.
RoslynAnalysisRunner will not be running.
RoslynAnalysisRunner has terminated.
Mono: successfully reloaded assembly
- Completed reload, in  0.719 seconds
Platform modules already initialized, skipping
Refreshing native plugins compatible for Editor in 0.29 ms, found 0 plugins.
Preloading 0 native plugins for Editor in 0.00 ms.
Unloading 1196 Unused Serialized files (Serialized files now loaded: 0)
System memory in use before: 70.5 MB.
System memory in use after: 70.6 MB.

Unloading 7 unused Assets to reduce memory usage. Loaded Objects now: 1768.
Total: 1.886200 ms (FindLiveObjects: 0.153900 ms CreateObjectMapping: 0.046300 ms MarkObjects: 1.637500 ms  DeleteObjects: 0.046500 ms)

========================================================================
Received Prepare
Registering precompiled user dll's ...
Registered in 0.001710 seconds.
Begin MonoManager ReloadAssembly
Native extension for WindowsStandalone target not found
Native extension for WebGL target not found
Refreshing native plugins compatible for Editor in 0.29 ms, found 0 plugins.
Preloading 0 native plugins for Editor in 0.00 ms.
Invoked RoslynAnalysisRunner static constructor.
RoslynAnalysisRunner will not be running.
RoslynAnalysisRunner has terminated.
Mono: successfully reloaded assembly
- Completed reload, in  0.718 seconds
Platform modules already initialized, skipping
Refreshing native plugins compatible for Editor in 0.28 ms, found 0 plugins.
Preloading 0 native plugins for Editor in 0.00 ms.
Unloading 1196 Unused Serialized files (Serialized files now loaded: 0)
System memory in use before: 70.5 MB.
System memory in use after: 70.6 MB.

Unloading 7 unused Assets to reduce memory usage. Loaded Objects now: 1770.
Total: 1.935800 ms (FindLiveObjects: 0.173300 ms CreateObjectMapping: 0.053200 ms MarkObjects: 1.656500 ms  DeleteObjects: 0.051700 ms)

========================================================================
Received Prepare
Registering precompiled user dll's ...
Registered in 0.001564 seconds.
Begin MonoManager ReloadAssembly
Native extension for WindowsStandalone target not found
Native extension for WebGL target not found
Refreshing native plugins compatible for Editor in 0.28 ms, found 0 plugins.
Preloading 0 native plugins for Editor in 0.00 ms.
Invoked RoslynAnalysisRunner static constructor.
RoslynAnalysisRunner will not be running.
RoslynAnalysisRunner has terminated.
Mono: successfully reloaded assembly
- Completed reload, in  0.720 seconds
Platform modules already initialized, skipping
Refreshing native plugins compatible for Editor in 0.30 ms, found 0 plugins.
Preloading 0 native plugins for Editor in 0.00 ms.
Unloading 1196 Unused Serialized files (Serialized files now loaded: 0)
System memory in use before: 70.5 MB.
System memory in use after: 70.6 MB.

Unloading 7 unused Assets to reduce memory usage. Loaded Objects now: 1772.
Total: 1.516400 ms (FindLiveObjects: 0.154800 ms CreateObjectMapping: 0.044100 ms MarkObjects: 1.275100 ms  DeleteObjects: 0.041200 ms)

========================================================================
Received Prepare
Registering precompiled user dll's ...
Registered in 0.001555 seconds.
Begin MonoManager ReloadAssembly
Native extension for WindowsStandalone target not found
Native extension for WebGL target not found
Refreshing native plugins compatible for Editor in 0.29 ms, found 0 plugins.
Preloading 0 native plugins for Editor in 0.00 ms.
Invoked RoslynAnalysisRunner static constructor.
RoslynAnalysisRunner will not be running.
RoslynAnalysisRunner has terminated.
Mono: successfully reloaded assembly
- Completed reload, in  0.730 seconds
Platform modules already initialized, skipping
Refreshing native plugins compatible for Editor in 0.29 ms, found 0 plugins.
Preloading 0 native plugins for Editor in 0.00 ms.
Unloading 1196 Unused Serialized files (Serialized files now loaded: 0)
System memory in use before: 70.5 MB.
System memory in use after: 70.6 MB.

Unloading 7 unused Assets to reduce memory usage. Loaded Objects now: 1774.
Total: 1.664300 ms (FindLiveObjects: 0.171200 ms CreateObjectMapping: 0.054400 ms MarkObjects: 1.394200 ms  DeleteObjects: 0.043200 ms)

========================================================================
Received Prepare
Registering precompiled user dll's ...
Registered in 0.001674 seconds.
Begin MonoManager ReloadAssembly
Native extension for WindowsStandalone target not found
Native extension for WebGL target not found
Refreshing native plugins compatible for Editor in 0.28 ms, found 0 plugins.
Preloading 0 native plugins for Editor in 0.00 ms.
Invoked RoslynAnalysisRunner static constructor.
RoslynAnalysisRunner will not be running.
RoslynAnalysisRunner has terminated.
Mono: successfully reloaded assembly
- Completed reload, in  0.724 seconds
Platform modules already initialized, skipping
Refreshing native plugins compatible for Editor in 0.29 ms, found 0 plugins.
Preloading 0 native plugins for Editor in 0.00 ms.
Unloading 1196 Unused Serialized files (Serialized files now loaded: 0)
System memory in use before: 70.6 MB.
System memory in use after: 70.6 MB.

Unloading 7 unused Assets to reduce memory usage. Loaded Objects now: 1776.
Total: 1.603300 ms (FindLiveObjects: 0.142300 ms CreateObjectMapping: 0.039300 ms MarkObjects: 1.379900 ms  DeleteObjects: 0.040600 ms)

========================================================================
Received Prepare
Registering precompiled user dll's ...
Registered in 0.001570 seconds.
Begin MonoManager ReloadAssembly
Native extension for WindowsStandalone target not found
Native extension for WebGL target not found
Refreshing native plugins compatible for Editor in 0.29 ms, found 0 plugins.
Preloading 0 native plugins for Editor in 0.00 ms.
Invoked RoslynAnalysisRunner static constructor.
RoslynAnalysisRunner will not be running.
RoslynAnalysisRunner has terminated.
Mono: successfully reloaded assembly
- Completed reload, in  0.721 seconds
Platform modules already initialized, skipping
Refreshing native plugins compatible for Editor in 0.29 ms, found 0 plugins.
Preloading 0 native plugins for Editor in 0.00 ms.
Unloading 1196 Unused Serialized files (Serialized files now loaded: 0)
System memory in use before: 70.6 MB.
System memory in use after: 70.6 MB.

Unloading 7 unused Assets to reduce memory usage. Loaded Objects now: 1778.
Total: 2.027000 ms (FindLiveObjects: 0.182100 ms CreateObjectMapping: 0.057800 ms MarkObjects: 1.734000 ms  DeleteObjects: 0.051600 ms)

========================================================================
Received Import Request.
  Time since last request: 1513.677136 seconds.
  path: Assets/Animations/New_Enemy.controller
  artifactKey: Guid(1bfbec3ccaf6e144d9fcb399acc82279) Importer(815301076,1909f56bfc062723c751e8b465ee728b)
Start importing Assets/Animations/New_Enemy.controller using Guid(1bfbec3ccaf6e144d9fcb399acc82279) Importer(815301076,1909f56bfc062723c751e8b465ee728b)  -> (artifact id: 'da0733cb270569c3d53882ac619317a2') in 0.012214 seconds
  Import took 0.014468 seconds .

========================================================================
Received Prepare
Registering precompiled user dll's ...
Registered in 0.001758 seconds.
Begin MonoManager ReloadAssembly
Native extension for WindowsStandalone target not found
Native extension for WebGL target not found
Refreshing native plugins compatible for Editor in 0.30 ms, found 0 plugins.
Preloading 0 native plugins for Editor in 0.00 ms.
Invoked RoslynAnalysisRunner static constructor.
RoslynAnalysisRunner will not be running.
RoslynAnalysisRunner has terminated.
Mono: successfully reloaded assembly
- Completed reload, in  0.732 seconds
Platform modules already initialized, skipping
Refreshing native plugins compatible for Editor in 0.30 ms, found 0 plugins.
Preloading 0 native plugins for Editor in 0.00 ms.
Unloading 1196 Unused Serialized files (Serialized files now loaded: 0)
System memory in use before: 70.6 MB.
System memory in use after: 70.6 MB.

Unloading 7 unused Assets to reduce memory usage. Loaded Objects now: 1780.
Total: 1.519400 ms (FindLiveObjects: 0.156600 ms CreateObjectMapping: 0.037200 ms MarkObjects: 1.283600 ms  DeleteObjects: 0.041000 ms)

========================================================================
Received Import Request.
  Time since last request: 82.705407 seconds.
  path: Assets/Prefabs/New_Enemy.prefab
  artifactKey: Guid(ac8b8b29e9675a949961ded6c5645abc) Importer(815301076,1909f56bfc062723c751e8b465ee728b)
Start importing Assets/Prefabs/New_Enemy.prefab using Guid(ac8b8b29e9675a949961ded6c5645abc) Importer(815301076,1909f56bfc062723c751e8b465ee728b)  -> (artifact id: '99bbe27f45d8cff608eb4c0c566a4c21') in 0.056377 seconds
  Import took 0.058627 seconds .

========================================================================
Received Import Request.
  Time since last request: 0.000237 seconds.
  path: Assets/Prefabs/Enemy.prefab
  artifactKey: Guid(2a0beb7bc6cc4e849a029bef362b089a) Importer(815301076,1909f56bfc062723c751e8b465ee728b)
Start importing Assets/Prefabs/Enemy.prefab using Guid(2a0beb7bc6cc4e849a029bef362b089a) Importer(815301076,1909f56bfc062723c751e8b465ee728b)  -> (artifact id: '8fdeb0915c03023b18d16001c82dad1c') in 0.011064 seconds
  Import took 0.013276 seconds .

========================================================================
Received Prepare
Registering precompiled user dll's ...
Registered in 0.001538 seconds.
Begin MonoManager ReloadAssembly
Native extension for WindowsStandalone target not found
Native extension for WebGL target not found
Refreshing native plugins compatible for Editor in 0.28 ms, found 0 plugins.
Preloading 0 native plugins for Editor in 0.00 ms.
Invoked RoslynAnalysisRunner static constructor.
RoslynAnalysisRunner will not be running.
RoslynAnalysisRunner has terminated.
Mono: successfully reloaded assembly
- Completed reload, in  0.721 seconds
Platform modules already initialized, skipping
Refreshing native plugins compatible for Editor in 0.29 ms, found 0 plugins.
Preloading 0 native plugins for Editor in 0.00 ms.
Unloading 1196 Unused Serialized files (Serialized files now loaded: 0)
System memory in use before: 70.5 MB.
System memory in use after: 70.6 MB.

Unloading 7 unused Assets to reduce memory usage. Loaded Objects now: 1783.
Total: 1.613800 ms (FindLiveObjects: 0.160800 ms CreateObjectMapping: 0.046600 ms MarkObjects: 1.366000 ms  DeleteObjects: 0.039500 ms)

========================================================================
Received Import Request.
  Time since last request: 390.491181 seconds.
  path: Assets/Animations/NewEnemy_Anim.anim
  artifactKey: Guid(f1889c89289608649833d402faf580f8) Importer(815301076,1909f56bfc062723c751e8b465ee728b)
Start importing Assets/Animations/NewEnemy_Anim.anim using Guid(f1889c89289608649833d402faf580f8) Importer(815301076,1909f56bfc062723c751e8b465ee728b)  -> (artifact id: 'e709508145335fdf23c49bdef36615ce') in 0.017945 seconds
  Import took 0.020310 seconds .

========================================================================
Received Prepare
Registering precompiled user dll's ...
Registered in 0.001571 seconds.
Begin MonoManager ReloadAssembly
Native extension for WindowsStandalone target not found
Native extension for WebGL target not found
Refreshing native plugins compatible for Editor in 0.28 ms, found 0 plugins.
Preloading 0 native plugins for Editor in 0.00 ms.
Invoked RoslynAnalysisRunner static constructor.
RoslynAnalysisRunner will not be running.
RoslynAnalysisRunner has terminated.
Mono: successfully reloaded assembly
- Completed reload, in  0.718 seconds
Platform modules already initialized, skipping
Refreshing native plugins compatible for Editor in 0.29 ms, found 0 plugins.
Preloading 0 native plugins for Editor in 0.00 ms.
Unloading 1196 Unused Serialized files (Serialized files now loaded: 0)
System memory in use before: 70.6 MB.
System memory in use after: 70.7 MB.

Unloading 7 unused Assets to reduce memory usage. Loaded Objects now: 1785.
Total: 1.787300 ms (FindLiveObjects: 0.158600 ms CreateObjectMapping: 0.044100 ms MarkObjects: 1.536200 ms  DeleteObjects: 0.047200 ms)

========================================================================
Received Import Request.
  Time since last request: 78.350396 seconds.
  path: Assets/Animations/New_Enemy.controller
  artifactKey: Guid(1bfbec3ccaf6e144d9fcb399acc82279) Importer(815301076,1909f56bfc062723c751e8b465ee728b)
Start importing Assets/Animations/New_Enemy.controller using Guid(1bfbec3ccaf6e144d9fcb399acc82279) Importer(815301076,1909f56bfc062723c751e8b465ee728b)  -> (artifact id: '0f3883b4883c2202030eef9343338d96') in 0.016944 seconds
  Import took 0.019192 seconds .

========================================================================
Received Prepare
Registering precompiled user dll's ...
Registered in 0.001507 seconds.
Begin MonoManager ReloadAssembly
Native extension for WindowsStandalone target not found
Native extension for WebGL target not found
Refreshing native plugins compatible for Editor in 0.28 ms, found 0 plugins.
Preloading 0 native plugins for Editor in 0.00 ms.
Invoked RoslynAnalysisRunner static constructor.
RoslynAnalysisRunner will not be running.
RoslynAnalysisRunner has terminated.
Mono: successfully reloaded assembly
- Completed reload, in  0.714 seconds
Platform modules already initialized, skipping
Refreshing native plugins compatible for Editor in 0.28 ms, found 0 plugins.
Preloading 0 native plugins for Editor in 0.00 ms.
Unloading 1196 Unused Serialized files (Serialized files now loaded: 0)
System memory in use before: 70.5 MB.
System memory in use after: 70.6 MB.

Unloading 7 unused Assets to reduce memory usage. Loaded Objects now: 1787.
Total: 1.600100 ms (FindLiveObjects: 0.196000 ms CreateObjectMapping: 0.043300 ms MarkObjects: 1.316100 ms  DeleteObjects: 0.043600 ms)

========================================================================
Received Prepare
Registering precompiled user dll's ...
Registered in 0.001756 seconds.
Begin MonoManager ReloadAssembly
Native extension for WindowsStandalone target not found
Native extension for WebGL target not found
Refreshing native plugins compatible for Editor in 0.29 ms, found 0 plugins.
Preloading 0 native plugins for Editor in 0.00 ms.
Invoked RoslynAnalysisRunner static constructor.
RoslynAnalysisRunner will not be running.
RoslynAnalysisRunner has terminated.
Mono: successfully reloaded assembly
- Completed reload, in  0.742 seconds
Platform modules already initialized, skipping
Refreshing native plugins compatible for Editor in 0.33 ms, found 0 plugins.
Preloading 0 native plugins for Editor in 0.00 ms.
Unloading 1196 Unused Serialized files (Serialized files now loaded: 0)
System memory in use before: 70.6 MB.
System memory in use after: 70.7 MB.

Unloading 7 unused Assets to reduce memory usage. Loaded Objects now: 1789.
Total: 1.731300 ms (FindLiveObjects: 0.175200 ms CreateObjectMapping: 0.049500 ms MarkObjects: 1.458300 ms  DeleteObjects: 0.045900 ms)

========================================================================
Received Prepare
Registering precompiled user dll's ...
Registered in 0.001868 seconds.
Begin MonoManager ReloadAssembly
Native extension for WindowsStandalone target not found
Native extension for WebGL target not found
Refreshing native plugins compatible for Editor in 0.32 ms, found 0 plugins.
Preloading 0 native plugins for Editor in 0.00 ms.
Invoked RoslynAnalysisRunner static constructor.
RoslynAnalysisRunner will not be running.
RoslynAnalysisRunner has terminated.
Mono: successfully reloaded assembly
- Completed reload, in  0.762 seconds
Platform modules already initialized, skipping
Refreshing native plugins compatible for Editor in 0.32 ms, found 0 plugins.
Preloading 0 native plugins for Editor in 0.00 ms.
Unloading 1196 Unused Serialized files (Serialized files now loaded: 0)
System memory in use before: 70.6 MB.
System memory in use after: 70.7 MB.

Unloading 7 unused Assets to reduce memory usage. Loaded Objects now: 1791.
Total: 1.574500 ms (FindLiveObjects: 0.166700 ms CreateObjectMapping: 0.044700 ms MarkObjects: 1.313800 ms  DeleteObjects: 0.047900 ms)

========================================================================
Received Prepare
Registering precompiled user dll's ...
Registered in 0.001516 seconds.
Begin MonoManager ReloadAssembly
Native extension for WindowsStandalone target not found
Native extension for WebGL target not found
Refreshing native plugins compatible for Editor in 0.28 ms, found 0 plugins.
Preloading 0 native plugins for Editor in 0.00 ms.
Invoked RoslynAnalysisRunner static constructor.
RoslynAnalysisRunner will not be running.
RoslynAnalysisRunner has terminated.
Mono: successfully reloaded assembly
- Completed reload, in  0.719 seconds
Platform modules already initialized, skipping
Refreshing native plugins compatible for Editor in 0.28 ms, found 0 plugins.
Preloading 0 native plugins for Editor in 0.00 ms.
Unloading 1196 Unused Serialized files (Serialized files now loaded: 0)
System memory in use before: 70.6 MB.
System memory in use after: 70.7 MB.

Unloading 7 unused Assets to reduce memory usage. Loaded Objects now: 1793.
Total: 1.956600 ms (FindLiveObjects: 0.183000 ms CreateObjectMapping: 0.054400 ms MarkObjects: 1.667200 ms  DeleteObjects: 0.050900 ms)

AssetImportWorkerClient::OnTransportError - code=2 error=End of file
