Using pre-set license
Built from '2020.2/release' branch; Version is '2020.2.1f1 (270dd8c3da1c) revision 2559448'; Using compiler version '192528614'; Build Type 'Release'
OS: 'Windows 10  (10.0.0) 64bit' Language: 'en' Physical Memory: 16299 MB
BatchMode: 1, IsHumanControllingUs: 0, StartBugReporterOnCrash: 0, Is64bit: 1, IsPro: 0

 COMMAND LINE ARGUMENTS:
D:\Unity_2020\2020.2.1f1\Editor\Unity.exe
-adb2
-batchMode
-noUpm
-name
AssetImportWorker1
-projectPath
D:/GameDev_Unity/Unity Projects 2021/Space Shooter Pro/Space Shooter Pro
-logFile
Logs/AssetImportWorker1.log
-srvPort
59160
Successfully changed project path to: D:/GameDev_Unity/Unity Projects 2021/Space Shooter Pro/Space Shooter Pro
D:/GameDev_Unity/Unity Projects 2021/Space Shooter Pro/Space Shooter Pro
Using Asset Import Pipeline V2.
Refreshing native plugins compatible for Editor in 32.44 ms, found 0 plugins.
Preloading 0 native plugins for Editor in 0.00 ms.
Initialize engine version: 2020.2.1f1 (270dd8c3da1c)
[Subsystems] Discovering subsystems at path D:/Unity_2020/2020.2.1f1/Editor/Data/Resources/UnitySubsystems
[Subsystems] Discovering subsystems at path D:/GameDev_Unity/Unity Projects 2021/Space Shooter Pro/Space Shooter Pro/Assets
GfxDevice: creating device client; threaded=0
Direct3D:
    Version:  Direct3D 11.0 [level 11.1]
    Renderer: NVIDIA GeForce GTX 1660 (ID=0x2184)
    Vendor:   
    VRAM:     5966 MB
    Driver:   32.0.15.7270
Initialize mono
Mono path[0] = 'D:/Unity_2020/2020.2.1f1/Editor/Data/Managed'
Mono path[1] = 'D:/Unity_2020/2020.2.1f1/Editor/Data/MonoBleedingEdge/lib/mono/unityjit'
Mono config path = 'D:/Unity_2020/2020.2.1f1/Editor/Data/MonoBleedingEdge/etc'
Using monoOptions --debugger-agent=transport=dt_socket,embedding=1,server=y,suspend=n,address=127.0.0.1:56952
Begin MonoManager ReloadAssembly
Registering precompiled unity dll's ...
Register platform support module: D:/Unity_2020/2020.2.1f1/Editor/Data/PlaybackEngines/WebGLSupport/UnityEditor.WebGL.Extensions.dll
Register platform support module: D:/Unity_2020/2020.2.1f1/Editor/Data/PlaybackEngines/WindowsStandaloneSupport/UnityEditor.WindowsStandalone.Extensions.dll
Registered in 0.001651 seconds.
Native extension for WindowsStandalone target not found
Native extension for WebGL target not found
Refreshing native plugins compatible for Editor in 31.65 ms, found 0 plugins.
Preloading 0 native plugins for Editor in 0.00 ms.
Invoked RoslynAnalysisRunner static constructor.
RoslynAnalysisRunner will not be running.
RoslynAnalysisRunner has terminated.
Mono: successfully reloaded assembly
- Completed reload, in  2.701 seconds
Platform modules already initialized, skipping
Registering precompiled user dll's ...
Registered in 0.001829 seconds.
Begin MonoManager ReloadAssembly
Native extension for WindowsStandalone target not found
Native extension for WebGL target not found
Refreshing native plugins compatible for Editor in 0.30 ms, found 0 plugins.
Preloading 0 native plugins for Editor in 0.00 ms.
Invoked RoslynAnalysisRunner static constructor.
RoslynAnalysisRunner will not be running.
RoslynAnalysisRunner has terminated.
Mono: successfully reloaded assembly
- Completed reload, in  3.385 seconds
Platform modules already initialized, skipping
========================================================================
Worker process is ready to serve import requests
Launched and connected shader compiler UnityShaderCompiler.exe after 0.12 seconds
Refreshing native plugins compatible for Editor in 0.72 ms, found 0 plugins.
Preloading 0 native plugins for Editor in 0.00 ms.
Unloading 1261 Unused Serialized files (Serialized files now loaded: 0)
System memory in use before: 72.7 MB.
System memory in use after: 72.8 MB.

Unloading 11 unused Assets to reduce memory usage. Loaded Objects now: 1719.
Total: 2.672000 ms (FindLiveObjects: 0.697800 ms CreateObjectMapping: 0.073300 ms MarkObjects: 1.599300 ms  DeleteObjects: 0.294500 ms)

========================================================================
Received Import Request.
  path: Assets/Scenes/SpaceShooterPro_Main.unity
  artifactKey: Guid(286974d12aca532469502cc79f80168b) Importer(815301076,1909f56bfc062723c751e8b465ee728b)
Start importing Assets/Scenes/SpaceShooterPro_Main.unity using Guid(286974d12aca532469502cc79f80168b) Importer(815301076,1909f56bfc062723c751e8b465ee728b)  -> (artifact id: '7c14343d97a8ef5511f3fd07e0696273') in 0.021893 seconds
  Import took 0.050008 seconds .

========================================================================
Received Prepare
Registering precompiled user dll's ...
Registered in 0.002718 seconds.
Begin MonoManager ReloadAssembly
Native extension for WindowsStandalone target not found
Native extension for WebGL target not found
Refreshing native plugins compatible for Editor in 0.29 ms, found 0 plugins.
Preloading 0 native plugins for Editor in 0.00 ms.
Invoked RoslynAnalysisRunner static constructor.
RoslynAnalysisRunner will not be running.
RoslynAnalysisRunner has terminated.
Mono: successfully reloaded assembly
- Completed reload, in  0.733 seconds
Platform modules already initialized, skipping
Refreshing native plugins compatible for Editor in 0.34 ms, found 0 plugins.
Preloading 0 native plugins for Editor in 0.00 ms.
Unloading 1215 Unused Serialized files (Serialized files now loaded: 0)
System memory in use before: 70.5 MB.
System memory in use after: 70.6 MB.

Unloading 7 unused Assets to reduce memory usage. Loaded Objects now: 1721.
Total: 1.800400 ms (FindLiveObjects: 0.151500 ms CreateObjectMapping: 0.048200 ms MarkObjects: 1.532900 ms  DeleteObjects: 0.066300 ms)

========================================================================
Received Import Request.
  Time since last request: 317.943850 seconds.
  path: Assets/Scenes/SpaceShooterPro_Main.unity
  artifactKey: Guid(286974d12aca532469502cc79f80168b) Importer(815301076,1909f56bfc062723c751e8b465ee728b)
Start importing Assets/Scenes/SpaceShooterPro_Main.unity using Guid(286974d12aca532469502cc79f80168b) Importer(815301076,1909f56bfc062723c751e8b465ee728b)  -> (artifact id: '18b6e72155afa49ccc5dc219cd053f53') in 0.017970 seconds
  Import took 0.020055 seconds .

========================================================================
Received Import Request.
  Time since last request: 33.248775 seconds.
  path: Assets/Scenes/SpaceShooterPro_Main.unity
  artifactKey: Guid(286974d12aca532469502cc79f80168b) Importer(815301076,1909f56bfc062723c751e8b465ee728b)
Start importing Assets/Scenes/SpaceShooterPro_Main.unity using Guid(286974d12aca532469502cc79f80168b) Importer(815301076,1909f56bfc062723c751e8b465ee728b)  -> (artifact id: '6fdf219e94f3e340b4fefb922cf138e8') in 0.002524 seconds
  Import took 0.020111 seconds .

========================================================================
Received Import Request.
  Time since last request: 43.735932 seconds.
  path: Assets/Scenes/SpaceShooterPro_Main.unity
  artifactKey: Guid(286974d12aca532469502cc79f80168b) Importer(815301076,1909f56bfc062723c751e8b465ee728b)
Start importing Assets/Scenes/SpaceShooterPro_Main.unity using Guid(286974d12aca532469502cc79f80168b) Importer(815301076,1909f56bfc062723c751e8b465ee728b)  -> (artifact id: 'f65bb7a30eebf410d44d16318b53f681') in 0.004311 seconds
  Import took 0.022928 seconds .

========================================================================
Received Prepare
Registering precompiled user dll's ...
Registered in 0.001835 seconds.
Begin MonoManager ReloadAssembly
Native extension for WindowsStandalone target not found
Native extension for WebGL target not found
Refreshing native plugins compatible for Editor in 0.29 ms, found 0 plugins.
Preloading 0 native plugins for Editor in 0.00 ms.
Invoked RoslynAnalysisRunner static constructor.
RoslynAnalysisRunner will not be running.
RoslynAnalysisRunner has terminated.
Mono: successfully reloaded assembly
- Completed reload, in  0.738 seconds
Platform modules already initialized, skipping
Refreshing native plugins compatible for Editor in 0.38 ms, found 0 plugins.
Preloading 0 native plugins for Editor in 0.00 ms.
Unloading 1215 Unused Serialized files (Serialized files now loaded: 0)
System memory in use before: 70.6 MB.
System memory in use after: 70.6 MB.

Unloading 7 unused Assets to reduce memory usage. Loaded Objects now: 1723.
Total: 1.782100 ms (FindLiveObjects: 0.154700 ms CreateObjectMapping: 0.041100 ms MarkObjects: 1.496500 ms  DeleteObjects: 0.088700 ms)

========================================================================
Received Import Request.
  Time since last request: 736.007068 seconds.
  path: Assets/Prefabs/Enemy.prefab
  artifactKey: Guid(2a0beb7bc6cc4e849a029bef362b089a) Importer(815301076,1909f56bfc062723c751e8b465ee728b)
Start importing Assets/Prefabs/Enemy.prefab using Guid(2a0beb7bc6cc4e849a029bef362b089a) Importer(815301076,1909f56bfc062723c751e8b465ee728b)  -> (artifact id: '983eddbb58461d49ac9ecabb111a4869') in 0.129085 seconds
  Import took 0.137366 seconds .

========================================================================
Received Prepare
Registering precompiled user dll's ...
Registered in 0.001805 seconds.
Begin MonoManager ReloadAssembly
Native extension for WindowsStandalone target not found
Native extension for WebGL target not found
Refreshing native plugins compatible for Editor in 0.31 ms, found 0 plugins.
Preloading 0 native plugins for Editor in 0.00 ms.
Invoked RoslynAnalysisRunner static constructor.
RoslynAnalysisRunner will not be running.
RoslynAnalysisRunner has terminated.
Mono: successfully reloaded assembly
- Completed reload, in  0.734 seconds
Platform modules already initialized, skipping
Refreshing native plugins compatible for Editor in 0.35 ms, found 0 plugins.
Preloading 0 native plugins for Editor in 0.00 ms.
Unloading 1215 Unused Serialized files (Serialized files now loaded: 0)
System memory in use before: 73.7 MB.
System memory in use after: 73.8 MB.

Unloading 7 unused Assets to reduce memory usage. Loaded Objects now: 1732.
Total: 1.841400 ms (FindLiveObjects: 0.165300 ms CreateObjectMapping: 0.046300 ms MarkObjects: 1.566500 ms  DeleteObjects: 0.062200 ms)

========================================================================
Received Import Request.
  Time since last request: 49.444266 seconds.
  path: Assets/Scripts/PlayerProjectile.cs
  artifactKey: Guid(3a012425ebefb44448cb369b65822867) Importer(815301076,1909f56bfc062723c751e8b465ee728b)
Start importing Assets/Scripts/PlayerProjectile.cs using Guid(3a012425ebefb44448cb369b65822867) Importer(815301076,1909f56bfc062723c751e8b465ee728b)  -> (artifact id: '272cb64ba842b3faed3f1fa163f59301') in 0.031829 seconds
  Import took 0.055828 seconds .

========================================================================
Received Import Request.
  Time since last request: 15.975440 seconds.
  path: Assets/Scripts/PlayerController.cs
  artifactKey: Guid(18f654c8c4d030d4aa11ee61e4becb0c) Importer(815301076,1909f56bfc062723c751e8b465ee728b)
Start importing Assets/Scripts/PlayerController.cs using Guid(18f654c8c4d030d4aa11ee61e4becb0c) Importer(815301076,1909f56bfc062723c751e8b465ee728b)  -> (artifact id: '417a2e42e6fbacaac5bc2b6ab05e28d5') in 0.008719 seconds
  Import took 0.023222 seconds .

AssetImportWorkerClient::OnTransportError - code=2 error=End of file
